<?xml version="1.0" encoding="UTF-8"?>
<testsuite xmlns:xsi="http://www.w3.org/2001/XMLSchema-instance" xsi:noNamespaceSchemaLocation="https://maven.apache.org/surefire/maven-surefire-plugin/xsd/surefire-test-report-3.0.xsd" version="3.0" name="com.mycompany.prog6112_assignment1.HospitalSystemTest" time="0.072" tests="14" errors="0" skipped="0" failures="0">
  <properties>
[...]
</properties>
  <testcase name="testSortById" classname="com.mycompany.prog6112_assignment1.HospitalSystemTest" time="0.025">
    <system-out><![CDATA[
SORTED BY ID
Patient ID: P001
Name: John Doe
Age: 45
Gender: Male
Medical Condition: null
Category: outpatient
Patient ID: P002
Name: Jane Smith
Age: 30
Gender: Female
Medical Condition: null
Category: emergency
Patient ID: P003
Name: Bob Johnson
Age: 60
Gender: Male
Medical Condition: null
Category: inpatient
Ward Number: 0
Bed Number: 
]]></system-out>
  </testcase>
  <testcase name="testSearchPatient" classname="com.mycompany.prog6112_assignment1.HospitalSystemTest" time="0.002"/>
  <testcase name="testPreventAllocateWhenAllBedsOccupied" classname="com.mycompany.prog6112_assignment1.HospitalSystemTest" time="0.003">
    <system-out><![CDATA[Bed B01 allocated
Bed B02 allocated
Bed B03 allocated
Bed B04 allocated
Bed B05 allocated
Bed B06 allocated
Bed B07 allocated
Bed B08 allocated
Bed B09 allocated
Bed B10 allocated
Bed B11 allocated
Bed B12 allocated
Bed B13 allocated
Bed B14 allocated
Bed B15 allocated
Bed B16 allocated
Bed B17 allocated
Bed B18 allocated
Bed B19 allocated
Bed B20 allocated
No beds available!
]]></system-out>
  </testcase>
  <testcase name="testCountOccupiedBeds" classname="com.mycompany.prog6112_assignment1.HospitalSystemTest" time="0.001">
    <system-out><![CDATA[Bed B01 allocated
Bed B02 allocated
]]></system-out>
  </testcase>
  <testcase name="testPreventOccupiedBedAllocation" classname="com.mycompany.prog6112_assignment1.HospitalSystemTest" time="0.002">
    <system-out><![CDATA[Bed B01 allocated
Bed B02 allocated
]]></system-out>
  </testcase>
  <testcase name="testRegisterPatient" classname="com.mycompany.prog6112_assignment1.HospitalSystemTest" time="0.001"/>
  <testcase name="testOutpatientCannotGetBed" classname="com.mycompany.prog6112_assignment1.HospitalSystemTest" time="0.001">
    <system-out><![CDATA[Only Inpatients can be allocated a bed
]]></system-out>
  </testcase>
  <testcase name="testUpdatePatient" classname="com.mycompany.prog6112_assignment1.HospitalSystemTest" time="0.001"/>
  <testcase name="testPreventDuplicatePatientIDs" classname="com.mycompany.prog6112_assignment1.HospitalSystemTest" time="0.0"/>
  <testcase name="testAllocateBed" classname="com.mycompany.prog6112_assignment1.HospitalSystemTest" time="0.001">
    <system-out><![CDATA[Bed B01 allocated
]]></system-out>
  </testcase>
  <testcase name="testSortBySurname" classname="com.mycompany.prog6112_assignment1.HospitalSystemTest" time="0.002">
    <system-out><![CDATA[
SORTED BY SURNAME
Patient ID: P001
Name: John Doe
Age: 45
Gender: Male
Medical Condition: null
Category: outpatient
Patient ID: P003
Name: Bob Johnson
Age: 60
Gender: Male
Medical Condition: null
Category: inpatient
Ward Number: 0
Bed Number: 
Patient ID: P002
Name: Jane Smith
Age: 30
Gender: Female
Medical Condition: null
Category: emergency
]]></system-out>
  </testcase>
  <testcase name="testDeletePatient" classname="com.mycompany.prog6112_assignment1.HospitalSystemTest" time="0.002"/>
  <testcase name="testPatientCannotGetTwoBeds" classname="com.mycompany.prog6112_assignment1.HospitalSystemTest" time="0.001">
    <system-out><![CDATA[Bed B01 allocated
Patient already has a bed
]]></system-out>
  </testcase>
  <testcase name="testReleaseBed" classname="com.mycompany.prog6112_assignment1.HospitalSystemTest" time="0.001">
    <system-out><![CDATA[Bed B01 allocated
Bed B01 released
]]></system-out>
  </testcase>
</testsuite>